name Wed Jul 18 20:04:05 CEST 2018 Siker
name Wed Jul 18 20:04:35 CEST 2018 Siker
name Wed Jul 18 20:04:35 CEST 2018 rossz
name Wed Jul 25 15:09:06 CEST 2018 Siker
name Wed Jul 25 15:09:06 CEST 2018 rossz
name Wed Jul 25 19:34:10 CEST 2018 Siker
name Wed Jul 25 19:34:10 CEST 2018 rossz

name Wed Jul 25 19:35:36 CEST 2018 Siker
name Wed Jul 25 19:35:36 CEST 2018 rossz

name Wed Jul 25 19:35:45 CEST 2018 Siker
name Wed Jul 25 19:35:45 CEST 2018 rossz

name Wed Jul 25 19:37:25 CEST 2018 Siker
name Wed Jul 25 19:37:25 CEST 2018 rossz
 Wed Jul 25 19:37:25 CEST 2018 hulala
name Wed Jul 25 19:45:28 CEST 2018 Siker
name Wed Jul 25 19:45:28 CEST 2018 rossz
hulala
name Wed Jul 25 19:45:38 CEST 2018 Siker
name Wed Jul 25 19:45:38 CEST 2018 rossz
karalábé hulala
name Wed Jul 25 20:15:07 CEST 2018 Siker
name Wed Jul 25 20:15:07 CEST 2018 rossz
 Wed Jul 25 20:15:07 CEST 2018 hulala
name Wed Jul 25 20:25:15 CEST 2018 gaal.gergo.logger.LoggerFactory Siker
name Wed Jul 25 20:25:15 CEST 2018 rossz
 Wed Jul 25 20:25:15 CEST 2018 gaal.gergo.logger.Main hulala
